1753923841.853826 client started (33964): version 3.5a, socket /private/tmp/tmux-502/default, protocol 8
1753923841.853909 on Darwin 24.5.0 Darwin Kernel Version 24.5.0: Tue Apr 22 19:54:33 PDT 2025; root:xnu-11417.121.6~2/RELEASE_ARM64_T8122
1753923841.853935 using libevent 2.1.12-stable select
1753923841.854280 using utf8proc 2.10.0
1753923841.854364 using ncurses 6.5 20240427
1753923841.854403 flags are 0x10010000
1753923841.854427 socket is /private/tmp/tmux-502/default
1753923841.854445 trying connect
1753923841.854828 add peer 0x120008000: 6 (0x0)
1753923841.857451 sending message 111 to peer 0x120008000 (8 bytes)
1753923841.857487 sending message 111 to peer 0x120008000 (8 bytes)
1753923841.857503 sending message 101 to peer 0x120008000 (15 bytes)
1753923841.857513 sending message 109 to peer 0x120008000 (4 bytes)
1753923841.857523 sending message 102 to peer 0x120008000 (13 bytes)
1753923841.857532 sending message 108 to peer 0x120008000 (47 bytes)
1753923841.857540 sending message 112 to peer 0x120008000 (58 bytes)
1753923841.857548 sending message 112 to peer 0x120008000 (5 bytes)
1753923841.857555 sending message 112 to peer 0x120008000 (5 bytes)
1753923841.857563 sending message 112 to peer 0x120008000 (6 bytes)
1753923841.857571 sending message 112 to peer 0x120008000 (6 bytes)
1753923841.857578 sending message 112 to peer 0x120008000 (11 bytes)
1753923841.857585 sending message 112 to peer 0x120008000 (10 bytes)
1753923841.857591 sending message 112 to peer 0x120008000 (13 bytes)
1753923841.857597 sending message 112 to peer 0x120008000 (14 bytes)
1753923841.857604 sending message 112 to peer 0x120008000 (19 bytes)
1753923841.857610 sending message 112 to peer 0x120008000 (11 bytes)
1753923841.857616 sending message 112 to peer 0x120008000 (10 bytes)
1753923841.857623 sending message 112 to peer 0x120008000 (15 bytes)
1753923841.857630 sending message 112 to peer 0x120008000 (21 bytes)
1753923841.857636 sending message 112 to peer 0x120008000 (13 bytes)
1753923841.857643 sending message 112 to peer 0x120008000 (7 bytes)
1753923841.857650 sending message 112 to peer 0x120008000 (13 bytes)
1753923841.857657 sending message 112 to peer 0x120008000 (7 bytes)
1753923841.857664 sending message 112 to peer 0x120008000 (13 bytes)
1753923841.857670 sending message 112 to peer 0x120008000 (9 bytes)
1753923841.857678 sending message 112 to peer 0x120008000 (21 bytes)
1753923841.857684 sending message 112 to peer 0x120008000 (13 bytes)
1753923841.857691 sending message 112 to peer 0x120008000 (9 bytes)
1753923841.857697 sending message 112 to peer 0x120008000 (16 bytes)
1753923841.857704 sending message 112 to peer 0x120008000 (13 bytes)
1753923841.857710 sending message 112 to peer 0x120008000 (9 bytes)
1753923841.857716 sending message 112 to peer 0x120008000 (9 bytes)
1753923841.857722 sending message 112 to peer 0x120008000 (12 bytes)
1753923841.857729 sending message 112 to peer 0x120008000 (8 bytes)
1753923841.857735 sending message 112 to peer 0x120008000 (8 bytes)
1753923841.857742 sending message 112 to peer 0x120008000 (13 bytes)
1753923841.857749 sending message 112 to peer 0x120008000 (7 bytes)
1753923841.857756 sending message 112 to peer 0x120008000 (7 bytes)
1753923841.857762 sending message 112 to peer 0x120008000 (9 bytes)
1753923841.857769 sending message 112 to peer 0x120008000 (9 bytes)
1753923841.857777 sending message 112 to peer 0x120008000 (15 bytes)
1753923841.857784 sending message 112 to peer 0x120008000 (13 bytes)
1753923841.857790 sending message 112 to peer 0x120008000 (12 bytes)
1753923841.857796 sending message 112 to peer 0x120008000 (8 bytes)
1753923841.857802 sending message 112 to peer 0x120008000 (14 bytes)
1753923841.857808 sending message 112 to peer 0x120008000 (11 bytes)
1753923841.857814 sending message 112 to peer 0x120008000 (9 bytes)
1753923841.857821 sending message 112 to peer 0x120008000 (10 bytes)
1753923841.857827 sending message 112 to peer 0x120008000 (10 bytes)
1753923841.857834 sending message 112 to peer 0x120008000 (10 bytes)
1753923841.857841 sending message 112 to peer 0x120008000 (10 bytes)
1753923841.857863 sending message 112 to peer 0x120008000 (11 bytes)
1753923841.857870 sending message 112 to peer 0x120008000 (12 bytes)
1753923841.857875 sending message 112 to peer 0x120008000 (12 bytes)
1753923841.857880 sending message 112 to peer 0x120008000 (12 bytes)
1753923841.857885 sending message 112 to peer 0x120008000 (12 bytes)
1753923841.857890 sending message 112 to peer 0x120008000 (12 bytes)
1753923841.857894 sending message 112 to peer 0x120008000 (11 bytes)
1753923841.857899 sending message 112 to peer 0x120008000 (11 bytes)
1753923841.857903 sending message 112 to peer 0x120008000 (12 bytes)
1753923841.857908 sending message 112 to peer 0x120008000 (12 bytes)
1753923841.857912 sending message 112 to peer 0x120008000 (12 bytes)
1753923841.857917 sending message 112 to peer 0x120008000 (12 bytes)
1753923841.857922 sending message 112 to peer 0x120008000 (12 bytes)
1753923841.857927 sending message 112 to peer 0x120008000 (9 bytes)
1753923841.857932 sending message 112 to peer 0x120008000 (12 bytes)
1753923841.857937 sending message 112 to peer 0x120008000 (13 bytes)
1753923841.857942 sending message 112 to peer 0x120008000 (13 bytes)
1753923841.857947 sending message 112 to peer 0x120008000 (13 bytes)
1753923841.857959 sending message 112 to peer 0x120008000 (13 bytes)
1753923841.857967 sending message 112 to peer 0x120008000 (13 bytes)
1753923841.857971 sending message 112 to peer 0x120008000 (8 bytes)
1753923841.858000 sending message 112 to peer 0x120008000 (11 bytes)
1753923841.858061 sending message 112 to peer 0x120008000 (11 bytes)
1753923841.858071 sending message 112 to peer 0x120008000 (11 bytes)
1753923841.858077 sending message 112 to peer 0x120008000 (12 bytes)
1753923841.858083 sending message 112 to peer 0x120008000 (12 bytes)
1753923841.858089 sending message 112 to peer 0x120008000 (12 bytes)
1753923841.858094 sending message 112 to peer 0x120008000 (12 bytes)
1753923841.858100 sending message 112 to peer 0x120008000 (13 bytes)
1753923841.858104 sending message 112 to peer 0x120008000 (13 bytes)
1753923841.858109 sending message 112 to peer 0x120008000 (13 bytes)
1753923841.858114 sending message 112 to peer 0x120008000 (8 bytes)
1753923841.858119 sending message 112 to peer 0x120008000 (13 bytes)
1753923841.858124 sending message 112 to peer 0x120008000 (13 bytes)
1753923841.858129 sending message 112 to peer 0x120008000 (13 bytes)
1753923841.858133 sending message 112 to peer 0x120008000 (13 bytes)
1753923841.858138 sending message 112 to peer 0x120008000 (13 bytes)
1753923841.858142 sending message 112 to peer 0x120008000 (12 bytes)
1753923841.858147 sending message 112 to peer 0x120008000 (12 bytes)
1753923841.858151 sending message 112 to peer 0x120008000 (12 bytes)
1753923841.858156 sending message 112 to peer 0x120008000 (12 bytes)
1753923841.858160 sending message 112 to peer 0x120008000 (13 bytes)
1753923841.858165 sending message 112 to peer 0x120008000 (8 bytes)
1753923841.858171 sending message 112 to peer 0x120008000 (13 bytes)
1753923841.858175 sending message 112 to peer 0x120008000 (13 bytes)
1753923841.858180 sending message 112 to peer 0x120008000 (13 bytes)
1753923841.858185 sending message 112 to peer 0x120008000 (13 bytes)
1753923841.858190 sending message 112 to peer 0x120008000 (13 bytes)
1753923841.858195 sending message 112 to peer 0x120008000 (13 bytes)
1753923841.858201 sending message 112 to peer 0x120008000 (13 bytes)
1753923841.858206 sending message 112 to peer 0x120008000 (12 bytes)
1753923841.858212 sending message 112 to peer 0x120008000 (12 bytes)
1753923841.858217 sending message 112 to peer 0x120008000 (12 bytes)
1753923841.858221 sending message 112 to peer 0x120008000 (8 bytes)
1753923841.858226 sending message 112 to peer 0x120008000 (12 bytes)
1753923841.858231 sending message 112 to peer 0x120008000 (13 bytes)
1753923841.858235 sending message 112 to peer 0x120008000 (13 bytes)
1753923841.858240 sending message 112 to peer 0x120008000 (13 bytes)
1753923841.858245 sending message 112 to peer 0x120008000 (13 bytes)
1753923841.858269 sending message 112 to peer 0x120008000 (13 bytes)
1753923841.858274 sending message 112 to peer 0x120008000 (13 bytes)
1753923841.858278 sending message 112 to peer 0x120008000 (13 bytes)
1753923841.858283 sending message 112 to peer 0x120008000 (13 bytes)
1753923841.858288 sending message 112 to peer 0x120008000 (12 bytes)
1753923841.858293 sending message 112 to peer 0x120008000 (10 bytes)
1753923841.858298 sending message 112 to peer 0x120008000 (12 bytes)
1753923841.858303 sending message 112 to peer 0x120008000 (12 bytes)
1753923841.858308 sending message 112 to peer 0x120008000 (12 bytes)
1753923841.858313 sending message 112 to peer 0x120008000 (13 bytes)
1753923841.858318 sending message 112 to peer 0x120008000 (13 bytes)
1753923841.858323 sending message 112 to peer 0x120008000 (13 bytes)
1753923841.858327 sending message 112 to peer 0x120008000 (13 bytes)
1753923841.858333 sending message 112 to peer 0x120008000 (13 bytes)
1753923841.858338 sending message 112 to peer 0x120008000 (13 bytes)
1753923841.858342 sending message 112 to peer 0x120008000 (13 bytes)
1753923841.858347 sending message 112 to peer 0x120008000 (10 bytes)
1753923841.858351 sending message 112 to peer 0x120008000 (13 bytes)
1753923841.858356 sending message 112 to peer 0x120008000 (12 bytes)
1753923841.858361 sending message 112 to peer 0x120008000 (12 bytes)
1753923841.858366 sending message 112 to peer 0x120008000 (12 bytes)
1753923841.858371 sending message 112 to peer 0x120008000 (10 bytes)
1753923841.858376 sending message 112 to peer 0x120008000 (10 bytes)
1753923841.858381 sending message 112 to peer 0x120008000 (10 bytes)
1753923841.858385 sending message 112 to peer 0x120008000 (12 bytes)
1753923841.858390 sending message 112 to peer 0x120008000 (13 bytes)
1753923841.858395 sending message 112 to peer 0x120008000 (13 bytes)
1753923841.858399 sending message 112 to peer 0x120008000 (13 bytes)
1753923841.858404 sending message 112 to peer 0x120008000 (13 bytes)
1753923841.858409 sending message 112 to peer 0x120008000 (13 bytes)
1753923841.858414 sending message 112 to peer 0x120008000 (10 bytes)
1753923841.858419 sending message 112 to peer 0x120008000 (11 bytes)
1753923841.858423 sending message 112 to peer 0x120008000 (12 bytes)
1753923841.858428 sending message 112 to peer 0x120008000 (12 bytes)
1753923841.858432 sending message 112 to peer 0x120008000 (12 bytes)
1753923841.858437 sending message 112 to peer 0x120008000 (12 bytes)
1753923841.858441 sending message 112 to peer 0x120008000 (12 bytes)
1753923841.858446 sending message 112 to peer 0x120008000 (11 bytes)
1753923841.858451 sending message 112 to peer 0x120008000 (12 bytes)
1753923841.858455 sending message 112 to peer 0x120008000 (12 bytes)
1753923841.858460 sending message 112 to peer 0x120008000 (13 bytes)
1753923841.858465 sending message 112 to peer 0x120008000 (13 bytes)
1753923841.858469 sending message 112 to peer 0x120008000 (13 bytes)
1753923841.858474 sending message 112 to peer 0x120008000 (13 bytes)
1753923841.858478 sending message 112 to peer 0x120008000 (13 bytes)
1753923841.858483 sending message 112 to peer 0x120008000 (10 bytes)
1753923841.858488 sending message 112 to peer 0x120008000 (9 bytes)
1753923841.858493 sending message 112 to peer 0x120008000 (12 bytes)
1753923841.858498 sending message 112 to peer 0x120008000 (13 bytes)
1753923841.858502 sending message 112 to peer 0x120008000 (13 bytes)
1753923841.858506 sending message 112 to peer 0x120008000 (13 bytes)
1753923841.858511 sending message 112 to peer 0x120008000 (13 bytes)
1753923841.858515 sending message 112 to peer 0x120008000 (13 bytes)
1753923841.858520 sending message 112 to peer 0x120008000 (9 bytes)
1753923841.858524 sending message 112 to peer 0x120008000 (12 bytes)
1753923841.858529 sending message 112 to peer 0x120008000 (13 bytes)
1753923841.858534 sending message 112 to peer 0x120008000 (13 bytes)
1753923841.858538 sending message 112 to peer 0x120008000 (13 bytes)
1753923841.858543 sending message 112 to peer 0x120008000 (13 bytes)
1753923841.858548 sending message 112 to peer 0x120008000 (13 bytes)
1753923841.858560 sending message 112 to peer 0x120008000 (11 bytes)
1753923841.858565 sending message 112 to peer 0x120008000 (12 bytes)
1753923841.858570 sending message 112 to peer 0x120008000 (13 bytes)
1753923841.858575 sending message 112 to peer 0x120008000 (13 bytes)
1753923841.858579 sending message 112 to peer 0x120008000 (13 bytes)
1753923841.858583 sending message 112 to peer 0x120008000 (13 bytes)
1753923841.858588 sending message 112 to peer 0x120008000 (13 bytes)
1753923841.858592 sending message 112 to peer 0x120008000 (11 bytes)
1753923841.858597 sending message 112 to peer 0x120008000 (12 bytes)
1753923841.858602 sending message 112 to peer 0x120008000 (12 bytes)
1753923841.858606 sending message 112 to peer 0x120008000 (12 bytes)
1753923841.858611 sending message 112 to peer 0x120008000 (12 bytes)
1753923841.858615 sending message 112 to peer 0x120008000 (12 bytes)
1753923841.858620 sending message 112 to peer 0x120008000 (21 bytes)
1753923841.858627 sending message 112 to peer 0x120008000 (12 bytes)
1753923841.858633 sending message 112 to peer 0x120008000 (9 bytes)
1753923841.858637 sending message 112 to peer 0x120008000 (6 bytes)
1753923841.858642 sending message 112 to peer 0x120008000 (13 bytes)
1753923841.858647 sending message 112 to peer 0x120008000 (10 bytes)
1753923841.858651 sending message 112 to peer 0x120008000 (24 bytes)
1753923841.858655 sending message 112 to peer 0x120008000 (13 bytes)
1753923841.858660 sending message 112 to peer 0x120008000 (9 bytes)
1753923841.858665 sending message 112 to peer 0x120008000 (70 bytes)
1753923841.858672 sending message 112 to peer 0x120008000 (69 bytes)
1753923841.858677 sending message 112 to peer 0x120008000 (12 bytes)
1753923841.858681 sending message 112 to peer 0x120008000 (10 bytes)
1753923841.858686 sending message 112 to peer 0x120008000 (10 bytes)
1753923841.858690 sending message 112 to peer 0x120008000 (24 bytes)
1753923841.858695 sending message 112 to peer 0x120008000 (13 bytes)
1753923841.858699 sending message 112 to peer 0x120008000 (10 bytes)
1753923841.858704 sending message 112 to peer 0x120008000 (10 bytes)
1753923841.858708 sending message 112 to peer 0x120008000 (10 bytes)
1753923841.858713 sending message 112 to peer 0x120008000 (13 bytes)
1753923841.858717 sending message 112 to peer 0x120008000 (15 bytes)
1753923841.858722 sending message 112 to peer 0x120008000 (5 bytes)
1753923841.858728 sending message 104 to peer 0x120008000 (0 bytes)
1753923841.858736 sending message 110 to peer 0x120008000 (0 bytes)
1753923841.858741 sending message 107 to peer 0x120008000 (4 bytes)
1753923841.858746 sending message 105 to peer 0x120008000 (20 bytes)
1753923841.858750 sending message 105 to peer 0x120008000 (86 bytes)
1753923841.858758 sending message 105 to peer 0x120008000 (100 bytes)
1753923841.858763 sending message 105 to peer 0x120008000 (32 bytes)
1753923841.858768 sending message 105 to peer 0x120008000 (15 bytes)
1753923841.858773 sending message 105 to peer 0x120008000 (11 bytes)
1753923841.858777 sending message 105 to peer 0x120008000 (29 bytes)
1753923841.858782 sending message 105 to peer 0x120008000 (38 bytes)
1753923841.858787 sending message 105 to peer 0x120008000 (31 bytes)
1753923841.858791 sending message 105 to peer 0x120008000 (11 bytes)
1753923841.858796 sending message 105 to peer 0x120008000 (26 bytes)
1753923841.858800 sending message 105 to peer 0x120008000 (20 bytes)
1753923841.858805 sending message 105 to peer 0x120008000 (20 bytes)
1753923841.858809 sending message 105 to peer 0x120008000 (94 bytes)
1753923841.858814 sending message 105 to peer 0x120008000 (20 bytes)
1753923841.858818 sending message 105 to peer 0x120008000 (32 bytes)
1753923841.858823 sending message 105 to peer 0x120008000 (18 bytes)
1753923841.858827 sending message 105 to peer 0x120008000 (14 bytes)
1753923841.858832 sending message 105 to peer 0x120008000 (44 bytes)
1753923841.858836 sending message 105 to peer 0x120008000 (897 bytes)
1753923841.858852 sending message 105 to peer 0x120008000 (19 bytes)
1753923841.858870 sending message 105 to peer 0x120008000 (8 bytes)
1753923841.858875 sending message 105 to peer 0x120008000 (26 bytes)
1753923841.858880 sending message 105 to peer 0x120008000 (14 bytes)
1753923841.858885 sending message 105 to peer 0x120008000 (82 bytes)
1753923841.858890 sending message 105 to peer 0x120008000 (38 bytes)
1753923841.858894 sending message 105 to peer 0x120008000 (30 bytes)
1753923841.858899 sending message 105 to peer 0x120008000 (25 bytes)
1753923841.858904 sending message 105 to peer 0x120008000 (53 bytes)
1753923841.858911 sending message 105 to peer 0x120008000 (42 bytes)
1753923841.858915 sending message 105 to peer 0x120008000 (57 bytes)
1753923841.858920 sending message 105 to peer 0x120008000 (35 bytes)
1753923841.858925 sending message 105 to peer 0x120008000 (66 bytes)
1753923841.858929 sending message 105 to peer 0x120008000 (72 bytes)
1753923841.858934 sending message 105 to peer 0x120008000 (45 bytes)
1753923841.858938 sending message 105 to peer 0x120008000 (19 bytes)
1753923841.858943 sending message 105 to peer 0x120008000 (18 bytes)
1753923841.858947 sending message 105 to peer 0x120008000 (72 bytes)
1753923841.858952 sending message 105 to peer 0x120008000 (18 bytes)
1753923841.858956 sending message 105 to peer 0x120008000 (27 bytes)
1753923841.858961 sending message 105 to peer 0x120008000 (26 bytes)
1753923841.858965 sending message 105 to peer 0x120008000 (20 bytes)
1753923841.858970 sending message 105 to peer 0x120008000 (22 bytes)
1753923841.858974 sending message 105 to peer 0x120008000 (14 bytes)
1753923841.858979 sending message 105 to peer 0x120008000 (32 bytes)
1753923841.858983 sending message 105 to peer 0x120008000 (66 bytes)
1753923841.858988 sending message 105 to peer 0x120008000 (51 bytes)
1753923841.858992 sending message 105 to peer 0x120008000 (82 bytes)
1753923841.858997 sending message 106 to peer 0x120008000 (0 bytes)
1753923841.859091 sending message 200 to peer 0x120008000 (4 bytes)
1753923841.859101 client loop enter
1753923841.859680 peer 0x120008000 message 303
1753923841.859738 open write file 2 -
1753923841.859793 sending message 305 to peer 0x120008000 (8 bytes)
1753923841.859814 write check file 2
1753923841.859936 peer 0x120008000 message 304
1753923841.859981 write 58 to file 2
1753923841.860032 peer 0x120008000 message 203
1753923841.860048 file 2 58 bytes left
1753923841.860070 write check file 2
1753923841.860077 client loop exit
